-------------------------------------------------------------------------------
Test set: TestSuite
-------------------------------------------------------------------------------
Tests run: 5, Failures: 1, Errors: 0, Skipped: 0, Time elapsed: 9.162 sec <<< FAILURE!
addEmailAndName(runner.ApplicationFormTest)  Time elapsed: 0.213 sec  <<< FAILURE!
java.lang.NullPointerException: Cannot invoke "org.openqa.selenium.WebElement.click()" because "this.inputName" is null
	at model.ApplicationFormPage.clickNameInput(ApplicationFormPage.java:37)
	at runner.ApplicationFormTest.addEmailAndName(ApplicationFormTest.java:25)

